[backblue.gif]
[fade.gif]
[index.html]
[hslov5.glitch.me/lib.js]
[use.fontawesome.com/releases/v5.11.2/css/all.css]
[www.google.com/recaptcha/api5eb8.js]
[connect.facebook.net/en_US/sdk.js]
[apis.google.com/js/platform.js]
[unpkg.com/tippy.js@2.0.4/dist/tippy.all.min.js]
[pixijs.download/v4.8.7/pixi.min.js]
[cdn.glitch.com/f33c0977-0c25-45e8-bb75-7b87a45880d1/colorpicker4342.png]
[i.imgur.com/dfyH7QL5910.jpg]
[i.imgur.com/NG5DdAR9ccd.png]
[i.imgur.com/81fgaTb4ab9.png]
[i.imgur.com/a6ze0yZd6c6.png]
[i.imgur.com/QUaD9yc.png]
[i.imgur.com/5pE2UGi.png]
[hslov5.glitch.me/core-hslov5.js]
[widgets.amung.us/classic/00/4.png]
[gifted-whispering-apartment.glitch.me/indexec92.html]
[use.fontawesome.com/releases/v5.11.2/css/all.css]
[connect.facebook.net/en_US/sdk.js]
